<?xml version="1.0" encoding="UTF-8"?>
<coverage generated="1729944399922" clover="3.2.0">
  <project timestamp="1729944399922" name="All files">
    <metrics statements="13" coveredstatements="13" conditionals="4" coveredconditionals="4" methods="3" coveredmethods="3" elements="20" coveredelements="20" complexity="0" loc="13" ncloc="13" packages="1" files="1" classes="1"/>
    <file name="checkInput.js" path="C:\Users\Aceer\OneDrive\Documents\Affaires_Rinim\UCL_O\BAC 2\X - Projet approffondissement en info\Projet\Projet_Testing\checkInput.js">
      <metrics statements="13" coveredstatements="13" conditionals="4" coveredconditionals="4" methods="3" coveredmethods="3"/>
      <line num="1" count="1" type="stmt"/>
      <line num="4" count="3" type="stmt"/>
      <line num="5" count="3" type="stmt"/>
      <line num="6" count="3" type="cond" truecount="2" falsecount="0"/>
      <line num="7" count="2" type="stmt"/>
      <line num="9" count="1" type="stmt"/>
      <line num="13" count="3" type="cond" truecount="2" falsecount="0"/>
      <line num="14" count="1" type="stmt"/>
      <line num="16" count="2" type="stmt"/>
      <line num="17" count="2" type="stmt"/>
      <line num="22" count="2" type="stmt"/>
      <line num="23" count="2" type="stmt"/>
      <line num="28" count="1" type="stmt"/>
    </file>
  </project>
</coverage>
