{"C:\\Users\\Aceer\\OneDrive\\Documents\\Affaires_Rinim\\UCL_O\\BAC 2\\X - Projet approffondissement en info\\Projet\\Projet_Testing\\checkInput.js": {"path":"C:\\Users\\Aceer\\OneDrive\\Documents\\Affaires_Rinim\\UCL_O\\BAC 2\\X - Projet approffondissement en info\\Projet\\Projet_Testing\\checkInput.js","statementMap":{"0":{"start":{"line":1,"column":23},"end":{"line":26,"column":1}},"1":{"start":{"line":4,"column":8},"end":{"line":4,"column":27}},"2":{"start":{"line":5,"column":8},"end":{"line":5,"column":34}},"3":{"start":{"line":6,"column":8},"end":{"line":8,"column":9}},"4":{"start":{"line":7,"column":12},"end":{"line":7,"column":25}},"5":{"start":{"line":9,"column":8},"end":{"line":9,"column":20}},"6":{"start":{"line":13,"column":8},"end":{"line":15,"column":9}},"7":{"start":{"line":14,"column":12},"end":{"line":14,"column":25}},"8":{"start":{"line":16,"column":20},"end":{"line":16,"column":36}},"9":{"start":{"line":17,"column":8},"end":{"line":17,"column":35}},"10":{"start":{"line":22,"column":22},"end":{"line":22,"column":155}},"11":{"start":{"line":23,"column":8},"end":{"line":23,"column":35}},"12":{"start":{"line":28,"column":0},"end":{"line":30,"column":1}}},"fnMap":{"0":{"name":"(anonymous_0)","decl":{"start":{"line":3,"column":22},"end":{"line":3,"column":23}},"loc":{"start":{"line":3,"column":38},"end":{"line":10,"column":5}},"line":3},"1":{"name":"(anonymous_1)","decl":{"start":{"line":12,"column":22},"end":{"line":12,"column":23}},"loc":{"start":{"line":12,"column":38},"end":{"line":18,"column":5}},"line":12},"2":{"name":"(anonymous_2)","decl":{"start":{"line":20,"column":19},"end":{"line":20,"column":20}},"loc":{"start":{"line":20,"column":35},"end":{"line":24,"column":5}},"line":20}},"branchMap":{"0":{"loc":{"start":{"line":6,"column":8},"end":{"line":8,"column":9}},"type":"if","locations":[{"start":{"line":6,"column":8},"end":{"line":8,"column":9}},{"start":{},"end":{}}],"line":6},"1":{"loc":{"start":{"line":13,"column":8},"end":{"line":15,"column":9}},"type":"if","locations":[{"start":{"line":13,"column":8},"end":{"line":15,"column":9}},{"start":{},"end":{}}],"line":13}},"s":{"0":1,"1":3,"2":3,"3":3,"4":2,"5":1,"6":3,"7":1,"8":2,"9":2,"10":2,"11":2,"12":1},"f":{"0":3,"1":3,"2":2},"b":{"0":[2,1],"1":[1,2]},"_coverageSchema":"1a1c01bbd47fc00a2c39e90264f33305004495a9","hash":"91403bb6db453a6ae9b2711df4759b44ba86fcb5"}
}
